[2025-07-18 07:25:07] INFO: Start program
[2025-07-18 07:25:07] INFO: Build program UI - start
[2025-07-18 07:25:07] INFO: Build program UI - end
[2025-07-18 07:25:07] INFO: Run browser with program UI
[2025-07-18 07:27:48] INFO: Start program
[2025-07-18 07:27:48] INFO: Build program UI - start
[2025-07-18 07:27:48] INFO: Build program UI - end
[2025-07-18 07:27:48] INFO: Run browser with program UI
[2025-07-18 22:07:54] INFO: Start program
[2025-07-18 22:07:54] INFO: Build program UI - start
[2025-07-18 22:07:54] INFO: Build program UI - end
[2025-07-18 22:07:54] INFO: Run browser with program UI
[2025-07-18 22:13:08] INFO: Start program
[2025-07-18 22:13:08] INFO: Build program UI - start
[2025-07-18 22:13:08] INFO: Build program UI - end
[2025-07-18 22:13:08] INFO: Run browser with program UI
[2025-07-18 22:15:32] INFO: Start program
[2025-07-18 22:15:32] INFO: Build program UI - start
[2025-07-18 22:15:32] INFO: Build program UI - end
[2025-07-18 22:15:32] INFO: Run browser with program UI
[2025-07-18 22:25:05] INFO: Start program
[2025-07-18 22:25:05] INFO: Build program UI - start
[2025-07-18 22:25:05] INFO: Build program UI - end
[2025-07-18 22:25:05] INFO: Run browser with program UI
[2025-07-18 22:25:46] INFO: Start program
[2025-07-18 22:25:46] INFO: Build program UI - start
[2025-07-18 22:25:46] INFO: Build program UI - end
[2025-07-18 22:25:46] INFO: Run browser with program UI
[2025-07-18 22:26:12] INFO: Start program
[2025-07-18 22:26:12] INFO: Build program UI - start
[2025-07-18 22:26:12] INFO: Build program UI - end
[2025-07-18 22:26:12] INFO: Run browser with program UI
[2025-07-18 22:28:17] INFO: Start program
[2025-07-18 22:28:17] INFO: Build program UI - start
[2025-07-18 22:28:17] INFO: Build program UI - end
[2025-07-18 22:28:17] INFO: Run browser with program UI
[2025-07-18 22:28:53] INFO: Start program
[2025-07-18 22:28:53] INFO: Build program UI - start
[2025-07-18 22:28:53] INFO: Build program UI - end
[2025-07-18 22:28:53] INFO: Run browser with program UI
[2025-07-18 22:31:52] INFO: Start program
[2025-07-18 22:31:52] INFO: Build program UI - start
[2025-07-18 22:31:52] INFO: Build program UI - end
[2025-07-18 22:31:52] INFO: Run browser with program UI
[2025-07-18 22:33:57] INFO: Start program
[2025-07-18 22:33:57] INFO: Build program UI - start
[2025-07-18 22:33:57] INFO: Build program UI - end
[2025-07-18 22:33:57] INFO: Run browser with program UI
[2025-07-18 22:35:57] INFO: Start program
[2025-07-18 22:35:57] INFO: Build program UI - start
[2025-07-18 22:35:57] INFO: Build program UI - end
[2025-07-18 22:35:57] INFO: Run browser with program UI
[2025-07-20 10:16:53] INFO: Start program
[2025-07-20 10:16:53] INFO: Build program UI - start
[2025-07-20 10:16:53] INFO: Build program UI - end
[2025-07-20 10:16:53] INFO: Run browser with program UI
[2025-07-20 10:17:52] INFO: Start program
[2025-07-20 10:17:52] INFO: Build program UI - start
[2025-07-20 10:17:52] INFO: Build program UI - end
[2025-07-20 10:17:52] INFO: Run browser with program UI
[2025-07-20 15:00:02] INFO: Start program
[2025-07-20 15:00:02] INFO: Build program UI - start
[2025-07-20 15:00:02] INFO: Build program UI - end
[2025-07-20 15:00:02] INFO: Run browser with program UI
[2025-07-20 15:01:42] INFO: Start program
[2025-07-20 15:01:42] INFO: Build program UI - start
[2025-07-20 15:01:42] INFO: Build program UI - end
[2025-07-20 15:01:42] INFO: Run browser with program UI
[2025-07-20 15:02:25] INFO: Start program
[2025-07-20 15:02:25] INFO: Build program UI - start
[2025-07-20 15:02:25] INFO: Build program UI - end
[2025-07-20 15:02:25] INFO: Run browser with program UI
[2025-07-20 15:03:46] INFO: Start program
[2025-07-20 15:03:46] INFO: Build program UI - start
[2025-07-20 15:03:46] INFO: Build program UI - end
[2025-07-20 15:03:46] INFO: Run browser with program UI
[2025-07-20 15:05:17] INFO: Start program
[2025-07-20 15:05:17] INFO: Build program UI - start
[2025-07-20 15:05:17] INFO: Build program UI - end
[2025-07-20 15:05:17] INFO: Run browser with program UI
[2025-07-20 15:07:59] INFO: Start program
[2025-07-20 15:07:59] INFO: Build program UI - start
[2025-07-20 15:07:59] INFO: Build program UI - end
[2025-07-20 15:07:59] INFO: Run browser with program UI
[2025-07-20 15:09:46] INFO: Start program
[2025-07-20 15:09:46] INFO: Build program UI - start
[2025-07-20 15:09:46] INFO: Build program UI - end
[2025-07-20 15:09:46] INFO: Run browser with program UI
[2025-07-20 15:10:18] INFO: Start program
[2025-07-20 15:10:18] INFO: Build program UI - start
[2025-07-20 15:10:18] INFO: Build program UI - end
[2025-07-20 15:10:18] INFO: Run browser with program UI
[2025-07-20 15:10:59] INFO: Start program
[2025-07-20 15:10:59] INFO: Build program UI - start
[2025-07-20 15:10:59] INFO: Build program UI - end
[2025-07-20 15:10:59] INFO: Run browser with program UI
[2025-07-20 15:48:05] INFO: Start program
[2025-07-20 15:48:05] INFO: Build program UI - start
[2025-07-20 15:48:05] INFO: Build program UI - end
[2025-07-20 15:48:05] INFO: Run browser with program UI
[2025-07-20 22:09:56] INFO: Start program
[2025-07-20 22:09:56] INFO: Build program UI - start
[2025-07-20 22:09:56] INFO: Build program UI - end
[2025-07-20 22:09:56] INFO: Run browser with program UI
[2025-07-20 22:16:34] INFO: Start program
[2025-07-20 22:16:34] INFO: Build program UI - start
[2025-07-20 22:16:34] INFO: Build program UI - end
[2025-07-20 22:16:34] INFO: Run browser with program UI
[2025-07-20 22:19:13] INFO: Start program
[2025-07-20 22:19:13] INFO: Build program UI - start
[2025-07-20 22:19:13] INFO: Build program UI - end
[2025-07-20 22:19:13] INFO: Run browser with program UI
[2025-07-20 22:22:24] INFO: Start program
[2025-07-20 22:22:24] INFO: Build program UI - start
[2025-07-20 22:22:24] INFO: Build program UI - end
[2025-07-20 22:22:24] INFO: Run browser with program UI
[2025-07-20 22:24:30] INFO: Start program
[2025-07-20 22:24:30] INFO: Build program UI - start
[2025-07-20 22:24:30] INFO: Build program UI - end
[2025-07-20 22:24:30] INFO: Run browser with program UI
[2025-07-20 22:27:05] INFO: Start program
[2025-07-20 22:27:05] INFO: Build program UI - start
[2025-07-20 22:27:05] INFO: Build program UI - end
[2025-07-20 22:27:05] INFO: Run browser with program UI
[2025-07-20 22:30:39] INFO: Start program
[2025-07-20 22:30:39] INFO: Build program UI - start
[2025-07-20 22:30:39] INFO: Build program UI - end
[2025-07-20 22:30:39] INFO: Run browser with program UI
[2025-07-20 22:33:00] INFO: Start program
[2025-07-20 22:33:00] INFO: Build program UI - start
[2025-07-20 22:33:00] INFO: Build program UI - end
[2025-07-20 22:33:00] INFO: Run browser with program UI
[2025-07-20 22:33:22] INFO: Start program
[2025-07-20 22:33:22] INFO: Build program UI - start
[2025-07-20 22:33:22] INFO: Build program UI - end
[2025-07-20 22:33:22] INFO: Run browser with program UI
[2025-07-20 22:53:44] INFO: Start program
[2025-07-20 22:53:44] INFO: Build program UI - start
[2025-07-20 22:53:44] INFO: Build program UI - end
[2025-07-20 22:53:44] INFO: Run browser with program UI
[2025-07-20 22:56:09] INFO: Start program
[2025-07-20 22:56:09] INFO: Build program UI - start
[2025-07-20 22:56:09] INFO: Build program UI - end
[2025-07-20 22:56:09] INFO: Run browser with program UI
[2025-07-20 23:02:19] INFO: Start program
[2025-07-20 23:02:19] INFO: Build program UI - start
[2025-07-20 23:02:19] INFO: Build program UI - end
[2025-07-20 23:02:19] INFO: Run browser with program UI
[2025-07-20 23:02:46] INFO: Start program
[2025-07-20 23:02:46] INFO: Build program UI - start
[2025-07-20 23:02:46] INFO: Build program UI - end
[2025-07-20 23:02:46] INFO: Run browser with program UI
[2025-07-20 23:02:56] INFO: Start program
[2025-07-20 23:02:56] INFO: Build program UI - start
[2025-07-20 23:02:56] INFO: Build program UI - end
[2025-07-20 23:02:56] INFO: Run browser with program UI
[2025-07-20 23:08:49] INFO: Start program
[2025-07-20 23:08:49] INFO: Build program UI - start
[2025-07-20 23:08:49] INFO: Build program UI - end
[2025-07-20 23:08:49] INFO: Run browser with program UI
[2025-07-20 23:11:59] INFO: Start program
[2025-07-20 23:11:59] INFO: Build program UI - start
[2025-07-20 23:11:59] INFO: Build program UI - end
[2025-07-20 23:11:59] INFO: Run browser with program UI
[2025-07-20 23:16:10] INFO: Start program
[2025-07-20 23:16:10] INFO: Build program UI - start
[2025-07-20 23:16:10] INFO: Build program UI - end
[2025-07-20 23:16:10] INFO: Run browser with program UI
[2025-07-20 23:26:10] INFO: Start program
[2025-07-20 23:26:10] INFO: Build program UI - start
[2025-07-20 23:26:10] INFO: Build program UI - end
[2025-07-20 23:26:10] INFO: Run browser with program UI
[2025-07-20 23:30:19] INFO: Start program
[2025-07-20 23:30:19] INFO: Build program UI - start
[2025-07-20 23:30:19] INFO: Build program UI - end
[2025-07-20 23:30:19] INFO: Run browser with program UI
[2025-07-20 23:32:40] INFO: Start program
[2025-07-20 23:32:40] INFO: Build program UI - start
[2025-07-20 23:32:40] INFO: Build program UI - end
[2025-07-20 23:32:40] INFO: Run browser with program UI
[2025-07-20 23:51:09] INFO: Start program
[2025-07-20 23:51:09] INFO: Build program UI - start
[2025-07-20 23:51:09] INFO: Build program UI - end
[2025-07-20 23:51:09] INFO: Run browser with program UI
[2025-07-21 00:01:24] INFO: Start program
[2025-07-21 00:01:24] INFO: Build program UI - start
[2025-07-21 00:01:24] INFO: Build program UI - end
[2025-07-21 00:01:24] INFO: Run browser with program UI
[2025-07-21 00:25:01] INFO: Start program
[2025-07-21 00:25:01] INFO: Build program UI - start
[2025-07-21 00:25:01] INFO: Build program UI - end
[2025-07-21 00:25:01] INFO: Run browser with program UI
[2025-07-21 00:25:30] INFO: Start program
[2025-07-21 00:25:30] INFO: Build program UI - start
[2025-07-21 00:25:30] INFO: Build program UI - end
[2025-07-21 00:25:30] INFO: Run browser with program UI
[2025-07-21 00:28:04] INFO: Start program
[2025-07-21 00:28:04] INFO: Build program UI - start
[2025-07-21 00:28:04] INFO: Build program UI - end
[2025-07-21 00:28:04] INFO: Run browser with program UI
[2025-07-21 00:32:03] INFO: Start program
[2025-07-21 00:32:03] INFO: Build program UI - start
[2025-07-21 00:32:03] INFO: Build program UI - end
[2025-07-21 00:32:03] INFO: Run browser with program UI
[2025-07-21 00:33:30] INFO: Start program
[2025-07-21 00:33:30] INFO: Build program UI - start
[2025-07-21 00:33:30] INFO: Build program UI - end
[2025-07-21 00:33:30] INFO: Run browser with program UI
[2025-07-21 00:35:53] INFO: Start program
[2025-07-21 00:35:53] INFO: Build program UI - start
[2025-07-21 00:35:53] INFO: Build program UI - end
[2025-07-21 00:35:53] INFO: Run browser with program UI
[2025-07-21 00:35:59] INFO: Start program
[2025-07-21 00:35:59] INFO: Build program UI - start
[2025-07-21 00:35:59] INFO: Build program UI - end
[2025-07-21 00:35:59] INFO: Run browser with program UI
[2025-07-21 00:41:14] INFO: Start program
[2025-07-21 00:41:14] INFO: Build program UI - start
[2025-07-21 00:41:14] INFO: Build program UI - end
[2025-07-21 00:41:14] INFO: Run browser with program UI
[2025-07-21 00:43:20] INFO: Start program
[2025-07-21 00:43:20] INFO: Build program UI - start
[2025-07-21 00:43:20] INFO: Build program UI - end
[2025-07-21 00:43:20] INFO: Run browser with program UI
[2025-07-21 00:56:52] INFO: Start program
[2025-07-21 00:56:52] INFO: Build program UI - start
[2025-07-21 00:56:52] INFO: Build program UI - end
[2025-07-21 00:56:52] INFO: Run browser with program UI
[2025-07-21 01:03:50] INFO: Start program
[2025-07-21 01:03:50] INFO: Build program UI - start
[2025-07-21 01:03:50] INFO: Build program UI - end
[2025-07-21 01:03:50] INFO: Run browser with program UI
[2025-07-22 22:37:04] INFO: Start program
[2025-07-22 22:37:04] INFO: Build program UI - start
[2025-07-22 22:37:04] INFO: Build program UI - end
[2025-07-22 22:37:04] INFO: Run browser with program UI
[2025-07-22 22:54:11] INFO: Start program
[2025-07-22 22:54:11] INFO: Build program UI - start
[2025-07-22 22:54:11] INFO: Build program UI - end
[2025-07-22 22:54:11] INFO: Run browser with program UI
[2025-07-22 22:57:45] INFO: Start program
[2025-07-22 22:57:45] INFO: Build program UI - start
[2025-07-22 22:57:45] INFO: Build program UI - end
[2025-07-22 22:57:45] INFO: Run browser with program UI
[2025-07-22 23:00:06] INFO: Start program
[2025-07-22 23:00:06] INFO: Build program UI - start
[2025-07-22 23:00:06] INFO: Build program UI - end
[2025-07-22 23:00:06] INFO: Run browser with program UI
[2025-07-22 23:04:54] INFO: Start program
[2025-07-22 23:04:54] INFO: Build program UI - start
[2025-07-22 23:04:54] INFO: Build program UI - end
[2025-07-22 23:04:54] INFO: Run browser with program UI
[2025-07-22 23:10:31] INFO: Start program
[2025-07-22 23:10:31] INFO: Build program UI - start
[2025-07-22 23:10:31] INFO: Build program UI - end
[2025-07-22 23:10:31] INFO: Run browser with program UI
[2025-07-22 23:30:57] INFO: Start program
[2025-07-22 23:30:57] INFO: Build program UI - start
[2025-07-22 23:30:57] INFO: Build program UI - end
[2025-07-22 23:30:57] INFO: Run browser with program UI
[2025-07-22 23:36:34] INFO: Start program
[2025-07-22 23:36:34] INFO: Build program UI - start
[2025-07-22 23:36:34] INFO: Build program UI - end
[2025-07-22 23:36:34] INFO: Run browser with program UI
[2025-07-23 06:33:14] INFO: Start program
[2025-07-23 06:33:14] INFO: Build program UI - start
[2025-07-23 06:33:14] INFO: Build program UI - end
[2025-07-23 06:33:14] INFO: Run browser with program UI
[2025-07-23 06:43:53] INFO: Start program
[2025-07-23 06:43:53] INFO: Build program UI - start
[2025-07-23 06:43:53] INFO: Build program UI - end
[2025-07-23 06:43:53] INFO: Run browser with program UI
[2025-07-23 06:46:51] INFO: Start program
[2025-07-23 06:46:51] INFO: Build program UI - start
[2025-07-23 06:46:51] INFO: Build program UI - end
[2025-07-23 06:46:51] INFO: Run browser with program UI
[2025-07-23 07:07:01] INFO: Start program
[2025-07-23 07:07:01] INFO: Build program UI - start
[2025-07-23 07:07:01] INFO: Build program UI - end
[2025-07-23 07:07:01] INFO: Run browser with program UI
[2025-07-23 07:16:36] INFO: Start program
[2025-07-23 07:16:36] INFO: Build program UI - start
[2025-07-23 07:16:36] INFO: Build program UI - end
[2025-07-23 07:16:36] INFO: Run browser with program UI
[2025-07-23 07:18:06] INFO: Start program
[2025-07-23 07:18:06] INFO: Build program UI - start
[2025-07-23 07:18:06] INFO: Build program UI - end
[2025-07-23 07:18:06] INFO: Run browser with program UI
[2025-07-23 07:24:46] INFO: Start program
[2025-07-23 07:24:46] INFO: Build program UI - start
[2025-07-23 07:24:46] INFO: Build program UI - end
[2025-07-23 07:24:46] INFO: Run browser with program UI
[2025-07-23 07:51:21] INFO: Start program
[2025-07-23 07:51:21] INFO: Build program UI - start
[2025-07-23 07:51:21] INFO: Build program UI - end
[2025-07-23 07:51:21] INFO: Run browser with program UI
[2025-07-23 07:54:19] INFO: Start program
[2025-07-23 07:54:19] INFO: Build program UI - start
[2025-07-23 07:54:19] INFO: Build program UI - end
[2025-07-23 07:54:19] INFO: Run browser with program UI
[2025-07-23 07:55:47] INFO: Start program
[2025-07-23 07:55:47] INFO: Build program UI - start
[2025-07-23 07:55:47] INFO: Build program UI - end
[2025-07-23 07:55:47] INFO: Run browser with program UI
[2025-07-23 08:00:23] INFO: Start program
[2025-07-23 08:00:23] INFO: Build program UI - start
[2025-07-23 08:00:23] INFO: Build program UI - end
[2025-07-23 08:00:23] INFO: Run browser with program UI
[2025-07-23 08:11:20] ERROR: Cant find element //*[contains(translate(@aria-label, "ABCDEFGHIJKLMNOPQRSTUVWXYZ", "abcdefghijklmnopqrstuvwxyz"), "2019 HYUNDAI SONATA * LOW FINANCE PAYMENTS * GREAT DEAL")]//span[contains(translate(., "ABCDEFGHIJKLMNOPQRSTUVWXYZ", "abcdefghijklmnopqrstuvwxyz"), "share")]
[2025-07-23 08:11:50] ERROR: Cant find element //*[contains(translate(@aria-label, "ABCDEFGHIJKLMNOPQRSTUVWXYZ", "abcdefghijklmnopqrstuvwxyz"), "2019 HYUNDAI SONATA * LOW FINANCE PAYMENTS * GREAT DEAL")]//span[contains(translate(., "ABCDEFGHIJKLMNOPQRSTUVWXYZ", "abcdefghijklmnopqrstuvwxyz"), "share")]
[2025-07-23 08:12:25] INFO: Start program
[2025-07-23 08:12:25] INFO: Build program UI - start
[2025-07-23 08:12:25] INFO: Build program UI - end
[2025-07-23 08:12:25] INFO: Run browser with program UI
